{
  "RSpec": {
    "coverage": {
      "/Users/alextsveta2012/Desktop/final_project/infobytes/config/environment.rb": [
        null,
        1,
        null,
        null,
        1
      ],
      "/Users/alextsveta2012/Desktop/final_project/infobytes/config/application.rb": [
        1,
        null,
        null,
        1,
        1,
        1,
        1,
        null,
        null,
        null,
        null,
        1,
        null,
        1,
        1,
        null,
        null,
        null,
        null,
        null,
        null,
        null,
        null,
        null,
        null,
        null,
        null,
        null
      ],
      "/Users/alextsveta2012/Desktop/final_project/infobytes/config/boot.rb": [
        null,
        1,
        null,
        1
      ],
      "/Users/alextsveta2012/Desktop/final_project/infobytes/config/environments/test.rb": [
        1,
        null,
        null,
        null,
        null,
        null,
        null,
        1,
        null,
        null,
        null,
        null,
        1,
        null,
        null,
        1,
        1,
        null,
        null,
        1,
        1,
        null,
        null,
        1,
        null,
        null,
        1,
        null,
        null,
        null,
        null,
        1,
        null,
        null,
        1,
        null
      ],
      "/Users/alextsveta2012/Desktop/final_project/infobytes/config/initializers/backtrace_silencers.rb": [
        null,
        null,
        null,
        null,
        null,
        null,
        null
      ],
      "/Users/alextsveta2012/Desktop/final_project/infobytes/config/initializers/devise.rb": [
        null,
        null,
        1,
        null,
        null,
        null,
        null,
        1,
        1,
        1,
        null,
        1,
        null,
        null,
        0,
        0,
        0,
        null,
        null,
        null,
        1,
        null,
        null,
        null,
        null,
        null,
        1,
        null,
        null,
        null,
        null,
        null,
        null,
        null,
        null,
        1,
        null,
        null,
        null,
        null,
        null,
        null,
        null,
        null,
        null,
        null,
        null,
        null,
        null,
        null,
        null,
        null,
        null,
        null,
        null,
        null,
        null,
        1,
        null,
        null,
        null,
        null,
        1,
        null,
        null,
        null,
        null,
        null,
        null,
        null,
        null,
        null,
        null,
        null,
        null,
        null,
        null,
        null,
        null,
        null,
        null,
        null,
        null,
        null,
        null,
        null,
        null,
        null,
        null,
        null,
        null,
        null,
        null,
        1,
        null,
        null,
        null,
        null,
        null,
        null,
        null,
        null,
        null,
        null,
        null,
        null,
        null,
        null,
        null,
        null,
        1,
        null,
        null,
        null,
        null,
        null,
        null,
        null,
        null,
        null,
        null,
        null,
        null,
        null,
        null,
        null,
        null,
        null,
        null,
        null,
        null,
        null,
        null,
        null,
        null,
        1,
        null,
        null,
        null,
        null,
        null,
        null,
        null,
        null,
        null,
        null,
        null,
        null,
        null,
        null,
        null,
        null,
        null,
        1,
        null,
        null,
        null,
        null,
        null,
        null,
        null,
        null,
        null,
        null,
        null,
        null,
        null,
        null,
        null,
        null,
        null,
        null,
        null,
        null,
        null,
        null,
        null,
        null,
        null,
        null,
        null,
        null,
        null,
        null,
        null,
        null,
        null,
        null,
        null,
        null,
        null,
        null,
        null,
        null,
        null,
        null,
        null,
        null,
        null,
        null,
        null,
        null,
        1,
        null,
        null,
        null,
        null,
        null,
        null,
        null,
        null,
        null,
        null,
        null,
        null,
        null,
        null,
        null,
        null,
        null,
        null,
        null,
        null,
        null,
        null,
        null,
        null,
        null,
        null,
        null,
        null,
        null,
        null,
        null,
        null,
        null,
        null,
        null,
        null,
        null,
        1,
        null,
        null,
        null,
        null,
        null,
        null,
        null,
        null,
        null,
        null,
        null,
        null,
        null,
        null,
        null,
        null,
        null,
        null,
        null,
        null,
        null,
        null,
        null,
        null,
        null,
        null,
        null,
        null,
        null
      ],
      "/Users/alextsveta2012/Desktop/final_project/infobytes/config/initializers/filter_parameter_logging.rb": [
        null,
        null,
        null,
        1
      ],
      "/Users/alextsveta2012/Desktop/final_project/infobytes/config/initializers/inflections.rb": [
        null,
        null,
        null,
        null,
        null,
        null,
        null,
        null,
        null,
        null,
        null,
        null,
        null,
        null,
        null,
        null
      ],
      "/Users/alextsveta2012/Desktop/final_project/infobytes/config/initializers/mime_types.rb": [
        null,
        null,
        null,
        null,
        null
      ],
      "/Users/alextsveta2012/Desktop/final_project/infobytes/config/initializers/secret_token.rb": [
        null,
        null,
        null,
        null,
        null,
        null,
        null,
        null,
        null,
        null,
        null,
        null,
        1,
        null,
        1,
        1,
        1,
        null,
        1,
        null,
        null,
        0,
        0,
        0,
        null,
        null,
        null,
        1
      ],
      "/Users/alextsveta2012/Desktop/final_project/infobytes/config/initializers/session_store.rb": [
        null,
        null,
        1
      ],
      "/Users/alextsveta2012/Desktop/final_project/infobytes/config/initializers/wrap_parameters.rb": [
        null,
        null,
        null,
        null,
        null,
        null,
        1,
        1,
        null,
        null,
        null,
        null,
        null,
        null
      ],
      "/Users/alextsveta2012/Desktop/final_project/infobytes/config/routes.rb": [
        1,
        null,
        1,
        null,
        1,
        1,
        1,
        null,
        1,
        1,
        1,
        1,
        1,
        1,
        null,
        null,
        null,
        null,
        null,
        1,
        1,
        null,
        null,
        null,
        null
      ],
      "/Users/alextsveta2012/Desktop/final_project/infobytes/app/models/user.rb": [
        1,
        1,
        1,
        null,
        null,
        1,
        null,
        null,
        1,
        null
      ],
      "/Users/alextsveta2012/Desktop/final_project/infobytes/app/helpers/application_helper.rb": [
        1,
        1,
        0,
        0,
        0,
        null,
        null
      ],
      "/Users/alextsveta2012/Desktop/final_project/infobytes/app/helpers/chapters_helper.rb": [
        1,
        1,
        null,
        null,
        null
      ],
      "/Users/alextsveta2012/Desktop/final_project/infobytes/app/models/chapter.rb": [
        1,
        1,
        1,
        null,
        1,
        null
      ],
      "/Users/alextsveta2012/Desktop/final_project/infobytes/spec/models/code_snippet_spec.rb": [

      ],
      "/Users/alextsveta2012/Desktop/final_project/infobytes/spec/models/content_spec.rb": [
        1
      ],
      "/Users/alextsveta2012/Desktop/final_project/infobytes/spec/models/image_spec.rb": [
        1
      ],
      "/Users/alextsveta2012/Desktop/final_project/infobytes/spec/models/paragraph_spec.rb": [
        1,
        null,
        1,
        1,
        1,
        1,
        1,
        null,
        null,
        null,
        1,
        1,
        1,
        null,
        null,
        null,
        1,
        1,
        1,
        null,
        null,
        null,
        null
      ],
      "/Users/alextsveta2012/Desktop/final_project/infobytes/app/models/paragraph.rb": [
        1,
        1,
        1,
        null
      ],
      "/Users/alextsveta2012/Desktop/final_project/infobytes/spec/models/sub_chapter_spec.rb": [
        1,
        null,
        1,
        1,
        1,
        1,
        1,
        null,
        null,
        null,
        1,
        1,
        1,
        null,
        null,
        null,
        null,
        null
      ],
      "/Users/alextsveta2012/Desktop/final_project/infobytes/app/models/sub_chapter.rb": [
        1,
        1,
        1,
        null,
        1,
        null
      ],
      "/Users/alextsveta2012/Desktop/final_project/infobytes/spec/models/subtopic_spec.rb": [
        1,
        null,
        1,
        1,
        1,
        1,
        1,
        null,
        null,
        1,
        1,
        1,
        null,
        null,
        1,
        1,
        1,
        null,
        null,
        null,
        null
      ],
      "/Users/alextsveta2012/Desktop/final_project/infobytes/app/models/subtopic.rb": [
        1,
        1,
        1,
        null,
        1,
        null
      ],
      "/Users/alextsveta2012/Desktop/final_project/infobytes/spec/models/topic_spec.rb": [
        1,
        null,
        1,
        1,
        1,
        1,
        1,
        null,
        null,
        null,
        null
      ],
      "/Users/alextsveta2012/Desktop/final_project/infobytes/app/models/topic.rb": [
        1,
        1,
        null
      ],
      "/Users/alextsveta2012/Desktop/final_project/infobytes/spec/models/tutorial_spec.rb": [
        1,
        null,
        1,
        1,
        1,
        1,
        1,
        null,
        null,
        null,
        1,
        1,
        1,
        null,
        null,
        null,
        1,
        1,
        1,
        null,
        null,
        null,
        null
      ],
      "/Users/alextsveta2012/Desktop/final_project/infobytes/app/models/tutorial.rb": [
        1,
        1,
        1,
        1,
        null,
        1,
        null
      ],
      "/Users/alextsveta2012/Desktop/final_project/infobytes/spec/models/user_spec.rb": [
        1,
        null,
        1,
        1,
        1,
        1,
        1,
        null,
        null,
        null,
        1,
        1,
        1,
        null,
        null,
        null,
        1,
        1,
        1,
        null,
        null,
        null,
        1,
        1,
        1,
        1,
        null,
        null,
        null,
        null
      ],
      "/Users/alextsveta2012/Desktop/final_project/infobytes/app/models/content.rb": [
        1,
        1,
        1,
        null
      ]
    },
    "timestamp": 1395420293
  }
}
